<?xml version="1.0" encoding="UTF-8"?><testsuite errors="4" failures="0" name="loginTests.ItemPurchaseTests" skipped="0" tests="5" time="11.08" timestamp="2021-05-25 07:37:06"><testcase classname="loginTests.ItemPurchaseTests" name="Check Backpack details: name, description, price"><error type="java.lang.NullPointerException"/><system-err>null&#13;
loginTests.ItemPurchaseTests.checkBackpackDetails(ItemPurchaseTests.java:142)&#13;
</system-err></testcase><testcase classname="loginTests.ItemPurchaseTests" name="Add Backpack to Cart"><error message="Timed out after 2 seconds. Element not found&#10;For documentation on this error, please visit: https://www.seleniumhq.org/exceptions/no_such_element.html&#10;Build info: version: '3.141.59', revision: 'e82be7d358', time: '2018-11-14T08:17:03'&#10;System info: host: 'CJ003963LT', ip: '192.168.56.1', os.name: 'Windows 10', os.arch: 'amd64', os.version: '10.0', java.version: '11.0.10'&#10;Driver info: driver.version: unknown" type="org.openqa.selenium.NoSuchElementException">Timed out after 2 seconds. Element not found
For documentation on this error, please visit: https://www.seleniumhq.org/exceptions/no_such_element.html
Build info: version: '3.141.59', revision: 'e82be7d358', time: '2018-11-14T08:17:03'
System info: host: 'CJ003963LT', ip: '192.168.56.1', os.name: 'Windows 10', os.arch: 'amd64', os.version: '10.0', java.version: '11.0.10'
Driver info: driver.version: unknown</error><system-err>Timed out after 2 seconds. Element not found
For documentation on this error, please visit: https://www.seleniumhq.org/exceptions/no_such_element.html
Build info: version: '3.141.59', revision: 'e82be7d358', time: '2018-11-14T08:17:03'
System info: host: 'CJ003963LT', ip: '192.168.56.1', os.name: 'Windows 10', os.arch: 'amd64', os.version: '10.0', java.version: '11.0.10'
Driver info: driver.version: unknown&#13;
pageObjects.InventoryPageObject.addToCartBackpackFromInventoryClick(InventoryPageObject.java:33)&#13;
loginTests.ItemPurchaseTests.addBPToCart(ItemPurchaseTests.java:162)&#13;
</system-err></testcase><testcase classname="loginTests.ItemPurchaseTests" name="Check item added to Cart successfully"><error message="Timed out after 2 seconds. Element not found&#10;For documentation on this error, please visit: https://www.seleniumhq.org/exceptions/no_such_element.html&#10;Build info: version: '3.141.59', revision: 'e82be7d358', time: '2018-11-14T08:17:03'&#10;System info: host: 'CJ003963LT', ip: '192.168.56.1', os.name: 'Windows 10', os.arch: 'amd64', os.version: '10.0', java.version: '11.0.10'&#10;Driver info: driver.version: unknown" type="org.openqa.selenium.NoSuchElementException">Timed out after 2 seconds. Element not found
For documentation on this error, please visit: https://www.seleniumhq.org/exceptions/no_such_element.html
Build info: version: '3.141.59', revision: 'e82be7d358', time: '2018-11-14T08:17:03'
System info: host: 'CJ003963LT', ip: '192.168.56.1', os.name: 'Windows 10', os.arch: 'amd64', os.version: '10.0', java.version: '11.0.10'
Driver info: driver.version: unknown</error><system-err>Timed out after 2 seconds. Element not found
For documentation on this error, please visit: https://www.seleniumhq.org/exceptions/no_such_element.html
Build info: version: '3.141.59', revision: 'e82be7d358', time: '2018-11-14T08:17:03'
System info: host: 'CJ003963LT', ip: '192.168.56.1', os.name: 'Windows 10', os.arch: 'amd64', os.version: '10.0', java.version: '11.0.10'
Driver info: driver.version: unknown&#13;
pageObjects.InventoryPageObject.getBackpackRemoveButtonDisplayed(InventoryPageObject.java:66)&#13;
loginTests.ItemPurchaseTests.checkItemAddedToCart(ItemPurchaseTests.java:169)&#13;
</system-err></testcase><testcase classname="loginTests.ItemPurchaseTests" name="Check cart is empty"><error type="java.lang.NullPointerException"/><system-err>null&#13;
loginTests.ItemPurchaseTests.checkEmptyCart(ItemPurchaseTests.java:155)&#13;
</system-err></testcase><testcase classname="loginTests.ItemPurchaseTests" name="Login and item check with valid credentials - StandardUser"/></testsuite>